[debug] [2025-07-14T06:35:53.236Z] ----------------------------------------------------------------------
[debug] [2025-07-14T06:35:53.238Z] Command:       /Users/niigatadaigakukenkyuuyou/.nvm/versions/node/v22.14.0/bin/node /Users/niigatadaigakukenkyuuyou/.nvm/versions/node/v22.14.0/bin/firebase deploy --only hosting,functions
[debug] [2025-07-14T06:35:53.238Z] CLI Version:   13.31.1
[debug] [2025-07-14T06:35:53.238Z] Platform:      darwin
[debug] [2025-07-14T06:35:53.238Z] Node Version:  v22.14.0
[debug] [2025-07-14T06:35:53.238Z] Time:          Mon Jul 14 2025 15:35:53 GMT+0900 (日本標準時)
[debug] [2025-07-14T06:35:53.239Z] ----------------------------------------------------------------------
[debug] 
[debug] [2025-07-14T06:35:53.330Z] > command requires scopes: ["email","openid","https://www.googleapis.com/auth/cloudplatformprojects.readonly","https://www.googleapis.com/auth/firebase","https://www.googleapis.com/auth/cloud-platform"]
[debug] [2025-07-14T06:35:53.330Z] > authorizing via signed-in user (s.kosei0626@gmail.com)
[debug] [2025-07-14T06:35:53.330Z] [iam] checking project political-site-583aa for permissions ["cloudfunctions.functions.create","cloudfunctions.functions.delete","cloudfunctions.functions.get","cloudfunctions.functions.list","cloudfunctions.functions.update","cloudfunctions.operations.get","firebase.projects.get","firebasehosting.sites.update"]
[debug] [2025-07-14T06:35:53.330Z] Checked if tokens are valid: true, expires at: 1752478327296
[debug] [2025-07-14T06:35:53.331Z] Checked if tokens are valid: true, expires at: 1752478327296
[debug] [2025-07-14T06:35:53.331Z] >>> [apiv2][query] POST https://cloudresourcemanager.googleapis.com/v1/projects/political-site-583aa:testIamPermissions [none]
[debug] [2025-07-14T06:35:53.331Z] >>> [apiv2][(partial)header] POST https://cloudresourcemanager.googleapis.com/v1/projects/political-site-583aa:testIamPermissions x-goog-quota-user=projects/political-site-583aa
[debug] [2025-07-14T06:35:53.331Z] >>> [apiv2][body] POST https://cloudresourcemanager.googleapis.com/v1/projects/political-site-583aa:testIamPermissions {"permissions":["cloudfunctions.functions.create","cloudfunctions.functions.delete","cloudfunctions.functions.get","cloudfunctions.functions.list","cloudfunctions.functions.update","cloudfunctions.operations.get","firebase.projects.get","firebasehosting.sites.update"]}
[debug] [2025-07-14T06:35:53.582Z] <<< [apiv2][status] POST https://cloudresourcemanager.googleapis.com/v1/projects/political-site-583aa:testIamPermissions 200
[debug] [2025-07-14T06:35:53.583Z] <<< [apiv2][body] POST https://cloudresourcemanager.googleapis.com/v1/projects/political-site-583aa:testIamPermissions {"permissions":["cloudfunctions.functions.create","cloudfunctions.functions.delete","cloudfunctions.functions.get","cloudfunctions.functions.list","cloudfunctions.functions.update","cloudfunctions.operations.get","firebase.projects.get","firebasehosting.sites.update"]}
[debug] [2025-07-14T06:35:53.583Z] Checked if tokens are valid: true, expires at: 1752478327296
[debug] [2025-07-14T06:35:53.583Z] Checked if tokens are valid: true, expires at: 1752478327296
[debug] [2025-07-14T06:35:53.583Z] >>> [apiv2][query] POST https://iam.googleapis.com/v1/projects/political-site-583aa/serviceAccounts/political-site-583aa@appspot.gserviceaccount.com:testIamPermissions [none]
[debug] [2025-07-14T06:35:53.583Z] >>> [apiv2][body] POST https://iam.googleapis.com/v1/projects/political-site-583aa/serviceAccounts/political-site-583aa@appspot.gserviceaccount.com:testIamPermissions {"permissions":["iam.serviceAccounts.actAs"]}
[debug] [2025-07-14T06:35:54.521Z] <<< [apiv2][status] POST https://iam.googleapis.com/v1/projects/political-site-583aa/serviceAccounts/political-site-583aa@appspot.gserviceaccount.com:testIamPermissions 200
[debug] [2025-07-14T06:35:54.522Z] <<< [apiv2][body] POST https://iam.googleapis.com/v1/projects/political-site-583aa/serviceAccounts/political-site-583aa@appspot.gserviceaccount.com:testIamPermissions {"permissions":["iam.serviceAccounts.actAs"]}
[debug] [2025-07-14T06:35:54.522Z] Checked if tokens are valid: true, expires at: 1752478327296
[debug] [2025-07-14T06:35:54.523Z] Checked if tokens are valid: true, expires at: 1752478327296
[debug] [2025-07-14T06:35:54.523Z] >>> [apiv2][query] GET https://firebase.googleapis.com/v1beta1/projects/political-site-583aa [none]
[debug] [2025-07-14T06:35:54.956Z] <<< [apiv2][status] GET https://firebase.googleapis.com/v1beta1/projects/political-site-583aa 200
[debug] [2025-07-14T06:35:54.956Z] <<< [apiv2][body] GET https://firebase.googleapis.com/v1beta1/projects/political-site-583aa {"projectId":"political-site-583aa","projectNumber":"591083571018","displayName":"political-site","name":"projects/political-site-583aa","resources":{"hostingSite":"political-site-583aa"},"state":"ACTIVE","etag":"1_9d1c28b2-1fb7-47dd-8753-007088ee9b5f"}
[info] 
[info] === Deploying to 'political-site-583aa'...
[info] 
[info] i  deploying functions, hosting 
[info] Running command: npm run build:functions
